TN:
SF:src/modules/appointments/services/CreateAppointmentService.ts
FN:29,(anonymous_12)
FN:34,(anonymous_13)
FNF:2
FNH:2
FNDA:2,(anonymous_12)
FNDA:3,(anonymous_13)
DA:1,1
DA:2,1
DA:4,1
DA:27,1
DA:28,1
DA:31,2
DA:35,3
DA:38,3
DA:40,3
DA:41,1
DA:44,2
DA:49,2
DA:53,1
LF:13
LH:13
BRDA:40,0,0,1
BRF:1
BRH:1
end_of_record
TN:
SF:src/modules/users/services/AuthenticateUserService.ts
FN:23,(anonymous_12)
FN:31,(anonymous_13)
FNF:2
FNH:2
FNDA:3,(anonymous_12)
FNDA:3,(anonymous_13)
DA:1,1
DA:2,1
DA:3,1
DA:5,1
DA:21,1
DA:22,1
DA:25,3
DA:28,3
DA:32,3
DA:34,3
DA:35,1
DA:38,2
DA:43,2
DA:44,1
DA:47,1
DA:49,1
DA:54,1
DA:61,1
LF:18
LH:18
BRDA:34,0,0,1
BRDA:43,1,0,1
BRF:2
BRH:2
end_of_record
TN:
SF:src/modules/users/services/CreateUserService.ts
FN:16,(anonymous_12)
FN:24,(anonymous_13)
FNF:2
FNH:2
FNDA:4,(anonymous_12)
FNDA:5,(anonymous_13)
DA:1,2
DA:3,2
DA:14,2
DA:15,2
DA:18,4
DA:21,4
DA:25,5
DA:27,5
DA:28,1
DA:32,4
DA:34,4
DA:40,4
DA:44,2
LF:13
LH:13
BRDA:27,0,0,1
BRF:1
BRH:1
end_of_record
TN:
SF:src/modules/users/services/ResetPasswordService.ts
FN:16,(anonymous_12)
FN:24,(anonymous_13)
FNF:2
FNH:2
FNDA:1,(anonymous_12)
FNDA:1,(anonymous_13)
DA:1,1
DA:3,1
DA:14,1
DA:15,1
DA:18,1
DA:21,1
DA:25,1
DA:27,1
DA:28,0
DA:31,1
DA:33,1
DA:34,0
DA:37,1
DA:39,1
DA:43,1
LF:15
LH:13
BRDA:27,0,0,0
BRDA:33,1,0,0
BRF:2
BRH:0
end_of_record
TN:
SF:src/modules/users/services/SendForgotPasswordEmailService.ts
FN:15,(anonymous_12)
FN:26,(anonymous_13)
FNF:2
FNH:2
FNDA:3,(anonymous_12)
FNDA:3,(anonymous_13)
DA:1,1
DA:3,1
DA:13,1
DA:14,1
DA:17,3
DA:20,3
DA:23,3
DA:27,3
DA:29,3
DA:30,1
DA:33,2
DA:35,2
DA:39,1
LF:13
LH:13
BRDA:29,0,0,1
BRF:1
BRH:1
end_of_record
TN:
SF:src/modules/users/services/UpdateUserAvatarService.ts
FN:16,(anonymous_12)
FN:24,(anonymous_13)
FNF:2
FNH:2
FNDA:3,(anonymous_12)
FNDA:4,(anonymous_13)
DA:1,1
DA:3,1
DA:15,1
DA:18,3
DA:21,3
DA:28,4
DA:30,4
DA:31,1
DA:34,3
DA:35,1
DA:38,3
DA:40,3
DA:42,3
DA:44,3
LF:14
LH:14
BRDA:30,0,0,1
BRDA:34,1,0,1
BRF:2
BRH:2
end_of_record
