TN:
SF:src/modules/appointments/services/CreateAppointmentService.ts
FN:29,(anonymous_12)
FN:34,(anonymous_13)
FNF:2
FNH:2
FNDA:5,(anonymous_12)
FNDA:7,(anonymous_13)
DA:1,1
DA:2,1
DA:4,1
DA:27,1
DA:28,1
DA:31,5
DA:39,7
DA:41,7
DA:42,3
DA:47,4
DA:48,0
DA:51,4
DA:52,1
DA:58,3
DA:60,3
DA:61,1
DA:64,2
DA:70,2
DA:74,1
LF:19
LH:18
BRDA:41,0,0,3
BRDA:47,1,0,0
BRDA:51,2,0,1
BRDA:51,3,0,4
BRDA:51,3,1,4
BRDA:60,4,0,1
BRF:6
BRH:5
end_of_record
TN:
SF:src/modules/appointments/services/ListProviderDayAvailabilityService.ts
FN:20,(anonymous_11)
FN:25,(anonymous_12)
FN:42,(anonymous_14)
FN:45,(anonymous_15)
FN:47,(anonymous_16)
FNF:5
FNH:5
FNDA:1,(anonymous_11)
FNDA:1,(anonymous_12)
FNDA:10,(anonymous_14)
FNDA:10,(anonymous_15)
FNDA:19,(anonymous_16)
DA:1,1
DA:2,1
DA:19,1
DA:22,1
DA:32,1
DA:39,1
DA:40,1
DA:42,10
DA:45,1
DA:46,10
DA:47,19
DA:50,10
DA:51,10
DA:53,10
DA:59,1
LF:15
LH:15
BRDA:55,0,0,10
BRDA:55,0,1,8
BRF:2
BRH:2
end_of_record
TN:
SF:src/modules/appointments/services/ListProviderMonthAvailabilityService.ts
FN:23,(anonymous_11)
FN:28,(anonymous_12)
FN:44,(anonymous_14)
FN:47,(anonymous_15)
FN:48,(anonymous_16)
FNF:5
FNH:5
FNDA:1,(anonymous_11)
FNDA:1,(anonymous_12)
FNDA:30,(anonymous_14)
FNDA:30,(anonymous_15)
FNDA:330,(anonymous_16)
DA:1,1
DA:2,1
DA:22,1
DA:25,1
DA:34,1
DA:40,1
DA:42,1
DA:44,30
DA:47,1
DA:48,30
DA:49,330
DA:52,30
DA:58,1
LF:13
LH:13
BRF:0
BRH:0
end_of_record
TN:
SF:src/modules/appointments/services/ListProvidersService.ts
FN:15,(anonymous_11)
FN:20,(anonymous_12)
FNF:2
FNH:2
FNDA:1,(anonymous_11)
FNDA:1,(anonymous_12)
DA:1,1
DA:14,1
DA:17,1
DA:21,1
DA:25,1
LF:5
LH:5
BRF:0
BRH:0
end_of_record
TN:
SF:src/modules/users/services/AuthenticateUserService.ts
FN:23,(anonymous_12)
FN:31,(anonymous_13)
FNF:2
FNH:2
FNDA:3,(anonymous_12)
FNDA:3,(anonymous_13)
DA:1,1
DA:2,1
DA:3,1
DA:5,1
DA:21,1
DA:22,1
DA:25,3
DA:28,3
DA:32,3
DA:34,3
DA:35,1
DA:38,2
DA:43,2
DA:44,1
DA:47,1
DA:49,1
DA:54,1
DA:61,1
LF:18
LH:18
BRDA:34,0,0,1
BRDA:43,1,0,1
BRF:2
BRH:2
end_of_record
TN:
SF:src/modules/users/services/CreateUserService.ts
FN:16,(anonymous_12)
FN:24,(anonymous_13)
FNF:2
FNH:2
FNDA:5,(anonymous_12)
FNDA:5,(anonymous_13)
DA:1,2
DA:3,2
DA:14,2
DA:15,2
DA:18,5
DA:21,5
DA:25,5
DA:27,5
DA:28,1
DA:32,4
DA:34,4
DA:40,4
DA:44,2
LF:13
LH:13
BRDA:27,0,0,1
BRF:1
BRH:1
end_of_record
TN:
SF:src/modules/users/services/ResetPasswordService.ts
FN:18,(anonymous_12)
FN:29,(anonymous_13)
FNF:2
FNH:2
FNDA:4,(anonymous_12)
FNDA:4,(anonymous_13)
DA:1,1
DA:2,1
DA:4,1
DA:16,1
DA:17,1
DA:20,4
DA:23,4
DA:26,4
DA:30,4
DA:32,4
DA:33,1
DA:36,3
DA:38,3
DA:39,1
DA:42,2
DA:44,2
DA:46,2
DA:47,1
DA:50,1
DA:51,1
DA:53,1
DA:59,1
LF:22
LH:22
BRDA:32,0,0,1
BRDA:38,1,0,1
BRDA:46,2,0,1
BRF:3
BRH:3
end_of_record
TN:
SF:src/modules/users/services/SendForgotPasswordEmailService.ts
FN:16,(anonymous_12)
FN:27,(anonymous_13)
FNF:2
FNH:2
FNDA:3,(anonymous_12)
FNDA:3,(anonymous_13)
DA:1,1
DA:2,1
DA:4,1
DA:14,1
DA:15,1
DA:18,3
DA:21,3
DA:24,3
DA:28,3
DA:30,3
DA:31,1
DA:34,2
DA:36,2
DA:43,2
DA:60,1
LF:15
LH:15
BRDA:30,0,0,1
BRF:1
BRH:1
end_of_record
TN:
SF:src/modules/users/services/ShowProfileService.ts
FN:13,(anonymous_12)
FN:18,(anonymous_13)
FNF:2
FNH:2
FNDA:2,(anonymous_12)
FNDA:2,(anonymous_13)
DA:1,1
DA:3,1
DA:12,1
DA:15,2
DA:19,2
DA:21,2
DA:22,1
DA:25,1
DA:27,1
LF:9
LH:9
BRDA:21,0,0,1
BRF:1
BRH:1
end_of_record
TN:
SF:src/modules/users/services/UpdateProfileService.ts
FN:18,(anonymous_12)
FN:26,(anonymous_13)
FNF:2
FNH:2
FNDA:6,(anonymous_12)
FNDA:6,(anonymous_13)
DA:1,1
DA:3,1
DA:17,1
DA:20,6
DA:23,6
DA:33,6
DA:35,6
DA:36,1
DA:39,5
DA:41,5
DA:42,1
DA:45,4
DA:46,1
DA:49,3
DA:50,2
DA:55,2
DA:56,1
DA:59,1
DA:62,2
DA:63,2
DA:65,2
LF:21
LH:21
BRDA:35,0,0,1
BRDA:41,1,0,1
BRDA:41,2,0,5
BRDA:41,2,1,1
BRDA:45,3,0,1
BRDA:45,4,0,4
BRDA:45,4,1,3
BRDA:49,5,0,2
BRDA:49,6,0,3
BRDA:49,6,1,2
BRDA:55,7,0,1
BRF:11
BRH:11
end_of_record
TN:
SF:src/modules/users/services/UpdateUserAvatarService.ts
FN:16,(anonymous_12)
FN:24,(anonymous_13)
FNF:2
FNH:2
FNDA:3,(anonymous_12)
FNDA:4,(anonymous_13)
DA:1,1
DA:3,1
DA:15,1
DA:18,3
DA:21,3
DA:28,4
DA:30,4
DA:31,1
DA:34,3
DA:35,1
DA:38,3
DA:40,3
DA:42,3
DA:44,3
LF:14
LH:14
BRDA:30,0,0,1
BRDA:34,1,0,1
BRF:2
BRH:2
end_of_record
